2022.08.21 17:20:53 INFO  tracing is disabled for protocol LSP, to enable tracing of incoming and outgoing JSON messages create an empty file at c:\Users\joao_\Desktop\recfun\.metals\lsp.trace.json or C:\Users\joao_\AppData\Local\scalameta\metals\cache\lsp.trace.json
2022.08.21 17:20:54 INFO  logging to file C:\Users\joao_\Desktop\recfun\.metals\metals.log
2022.08.21 17:20:54 INFO  Started: Metals version 0.11.8 in workspace 'C:\Users\joao_\Desktop\recfun' for client Visual Studio Code 1.70.2.
2022.08.21 17:20:55 WARN  Flyway upgrade recommended: H2 2.1.214 is newer than this version of Flyway and support has not been tested. The latest supported version of H2 is 2.1.210.
2022.08.21 17:20:56 INFO  time: initialize in 1.79s
2022.08.21 17:20:57 WARN  Build server is not auto-connectable.
2022.08.21 17:20:57 WARN  no build tool detected in workspace 'C:\Users\joao_\Desktop\recfun'. The most common cause for this problem is that the editor was opened in the wrong working directory, for example if you use sbt then the workspace directory should contain build.sbt. 
2022.08.21 17:20:57 WARN  no build target for: C:\Users\joao_\Desktop\recfun\recfun\src\main\scala\recfun\RecFunInterface.scala
2022.08.21 17:21:02 INFO  no build target found for C:\Users\joao_\Desktop\recfun\recfun\src\main\scala\recfun\RecFunInterface.scala. Using presentation compiler with project's scala-library version: 3.1.3
2022.08.21 17:21:02 WARN  no build target for: C:\Users\joao_\Desktop\recfun\recfun\src\main\scala\recfun\RecFun.scala
2022.08.21 17:21:02 WARN  no build target for: C:\Users\joao_\Desktop\recfun\recfun\src\main\scala\recfun\RecFunInterface.scala
2022.08.21 17:21:03 WARN  no build target for: C:\Users\joao_\Desktop\recfun\recfun\src\main\scala\recfun\RecFun.scala
2022.08.21 17:21:05 INFO  time: code lens generation in 6.73s
2022.08.21 17:21:05 INFO  time: code lens generation in 1.99s
2022.08.21 17:21:06 WARN  no build target for: C:\Users\joao_\Desktop\recfun\recfun\project\buildSettings.sbt
2022.08.21 17:21:08 WARN  no build target for: C:\Users\joao_\Desktop\recfun\recfun\project\plugins.sbt
2022.08.21 17:21:09 WARN  no build target for: C:\Users\joao_\Desktop\recfun\recfun\project\MOOCSettings.scala
2022.08.21 17:21:10 WARN  no build target for: C:\Users\joao_\Desktop\recfun\recfun\project\plugins.sbt
2022.08.21 17:21:11 WARN  no build target for: C:\Users\joao_\Desktop\recfun\recfun\project\StudentTasks.scala
2022.08.21 17:25:39 INFO  shutting down Metals
2022.08.21 17:28:10 INFO  tracing is disabled for protocol LSP, to enable tracing of incoming and outgoing JSON messages create an empty file at c:\Users\joao_\Desktop\Functional-Programming-In-Scala-epfl-\recfun\.metals\lsp.trace.json or C:\Users\joao_\AppData\Local\scalameta\metals\cache\lsp.trace.json
2022.08.21 17:28:11 INFO  logging to file C:\Users\joao_\Desktop\Functional-Programming-In-Scala-epfl-\recfun\.metals\metals.log
2022.08.21 17:28:11 INFO  Started: Metals version 0.11.8 in workspace 'C:\Users\joao_\Desktop\Functional-Programming-In-Scala-epfl-\recfun' for client Visual Studio Code 1.70.2.
2022.08.21 17:28:12 WARN  Flyway upgrade recommended: H2 2.1.214 is newer than this version of Flyway and support has not been tested. The latest supported version of H2 is 2.1.210.
2022.08.21 17:28:13 INFO  time: initialize in 1.88s
2022.08.21 17:28:15 WARN  Build server is not auto-connectable.
2022.08.21 17:28:15 WARN  no build tool detected in workspace 'C:\Users\joao_\Desktop\Functional-Programming-In-Scala-epfl-\recfun'. The most common cause for this problem is that the editor was opened in the wrong working directory, for example if you use sbt then the workspace directory should contain build.sbt. 
2022.08.21 17:28:15 WARN  no build target for: C:\Users\joao_\Desktop\Functional-Programming-In-Scala-epfl-\recfun\recfun\build.sbt
2022.08.21 17:28:19 INFO  no build target found for C:\Users\joao_\Desktop\Functional-Programming-In-Scala-epfl-\recfun\recfun\build.sbt. Using presentation compiler with project's scala-library version: 3.1.3
2022.08.21 17:28:20 INFO  time: code lens generation in 5s
ago 21, 2022 5:32:51 PM org.eclipse.lsp4j.jsonrpc.services.GenericEndpoint notify
INFORMAÇÕES: Unsupported notification method: $/setTrace
2022.08.21 17:39:44 INFO  shutting down Metals
